2025-10-12 02:31:52.474 [ERROR]: Error: Not allowed by CORS
Error: Not allowed by CORS
    at origin (C:\Invest-bot\backend\src\index.ts:61:16)
    at C:\Invest-bot\node_modules\cors\lib\index.js:219:13
    at optionsCallback (C:\Invest-bot\node_modules\cors\lib\index.js:199:9)
    at corsMiddleware (C:\Invest-bot\node_modules\cors\lib\index.js:204:7)
    at Layer.handle [as handle_request] (C:\Invest-bot\node_modules\express\lib\router\layer.js:95:5)
    at trim_prefix (C:\Invest-bot\node_modules\express\lib\router\index.js:328:13)
    at C:\Invest-bot\node_modules\express\lib\router\index.js:286:9
    at Function.process_params (C:\Invest-bot\node_modules\express\lib\router\index.js:346:12)
    at next (C:\Invest-bot\node_modules\express\lib\router\index.js:280:10)
    at internalNext (C:\Invest-bot\node_modules\helmet\index.cjs:537:6)
2025-10-12 02:31:52.508 [ERROR]: Error: Not allowed by CORS
Error: Not allowed by CORS
    at origin (C:\Invest-bot\backend\src\index.ts:61:16)
    at C:\Invest-bot\node_modules\cors\lib\index.js:219:13
    at optionsCallback (C:\Invest-bot\node_modules\cors\lib\index.js:199:9)
    at corsMiddleware (C:\Invest-bot\node_modules\cors\lib\index.js:204:7)
    at Layer.handle [as handle_request] (C:\Invest-bot\node_modules\express\lib\router\layer.js:95:5)
    at trim_prefix (C:\Invest-bot\node_modules\express\lib\router\index.js:328:13)
    at C:\Invest-bot\node_modules\express\lib\router\index.js:286:9
    at Function.process_params (C:\Invest-bot\node_modules\express\lib\router\index.js:346:12)
    at next (C:\Invest-bot\node_modules\express\lib\router\index.js:280:10)
    at internalNext (C:\Invest-bot\node_modules\helmet\index.cjs:537:6)
2025-10-12 02:31:53.576 [ERROR]: Error: Not allowed by CORS
Error: Not allowed by CORS
    at origin (C:\Invest-bot\backend\src\index.ts:61:16)
    at C:\Invest-bot\node_modules\cors\lib\index.js:219:13
    at optionsCallback (C:\Invest-bot\node_modules\cors\lib\index.js:199:9)
    at corsMiddleware (C:\Invest-bot\node_modules\cors\lib\index.js:204:7)
    at Layer.handle [as handle_request] (C:\Invest-bot\node_modules\express\lib\router\layer.js:95:5)
    at trim_prefix (C:\Invest-bot\node_modules\express\lib\router\index.js:328:13)
    at C:\Invest-bot\node_modules\express\lib\router\index.js:286:9
    at Function.process_params (C:\Invest-bot\node_modules\express\lib\router\index.js:346:12)
    at next (C:\Invest-bot\node_modules\express\lib\router\index.js:280:10)
    at internalNext (C:\Invest-bot\node_modules\helmet\index.cjs:537:6)
2025-10-12 02:31:53.586 [ERROR]: Error: Not allowed by CORS
Error: Not allowed by CORS
    at origin (C:\Invest-bot\backend\src\index.ts:61:16)
    at C:\Invest-bot\node_modules\cors\lib\index.js:219:13
    at optionsCallback (C:\Invest-bot\node_modules\cors\lib\index.js:199:9)
    at corsMiddleware (C:\Invest-bot\node_modules\cors\lib\index.js:204:7)
    at Layer.handle [as handle_request] (C:\Invest-bot\node_modules\express\lib\router\layer.js:95:5)
    at trim_prefix (C:\Invest-bot\node_modules\express\lib\router\index.js:328:13)
    at C:\Invest-bot\node_modules\express\lib\router\index.js:286:9
    at Function.process_params (C:\Invest-bot\node_modules\express\lib\router\index.js:346:12)
    at next (C:\Invest-bot\node_modules\express\lib\router\index.js:280:10)
    at internalNext (C:\Invest-bot\node_modules\helmet\index.cjs:537:6)
2025-10-12 02:31:55.596 [ERROR]: Error: Not allowed by CORS
Error: Not allowed by CORS
    at origin (C:\Invest-bot\backend\src\index.ts:61:16)
    at C:\Invest-bot\node_modules\cors\lib\index.js:219:13
    at optionsCallback (C:\Invest-bot\node_modules\cors\lib\index.js:199:9)
    at corsMiddleware (C:\Invest-bot\node_modules\cors\lib\index.js:204:7)
    at Layer.handle [as handle_request] (C:\Invest-bot\node_modules\express\lib\router\layer.js:95:5)
    at trim_prefix (C:\Invest-bot\node_modules\express\lib\router\index.js:328:13)
    at C:\Invest-bot\node_modules\express\lib\router\index.js:286:9
    at Function.process_params (C:\Invest-bot\node_modules\express\lib\router\index.js:346:12)
    at next (C:\Invest-bot\node_modules\express\lib\router\index.js:280:10)
    at internalNext (C:\Invest-bot\node_modules\helmet\index.cjs:537:6)
2025-10-12 02:31:55.601 [ERROR]: Error: Not allowed by CORS
Error: Not allowed by CORS
    at origin (C:\Invest-bot\backend\src\index.ts:61:16)
    at C:\Invest-bot\node_modules\cors\lib\index.js:219:13
    at optionsCallback (C:\Invest-bot\node_modules\cors\lib\index.js:199:9)
    at corsMiddleware (C:\Invest-bot\node_modules\cors\lib\index.js:204:7)
    at Layer.handle [as handle_request] (C:\Invest-bot\node_modules\express\lib\router\layer.js:95:5)
    at trim_prefix (C:\Invest-bot\node_modules\express\lib\router\index.js:328:13)
    at C:\Invest-bot\node_modules\express\lib\router\index.js:286:9
    at Function.process_params (C:\Invest-bot\node_modules\express\lib\router\index.js:346:12)
    at next (C:\Invest-bot\node_modules\express\lib\router\index.js:280:10)
    at internalNext (C:\Invest-bot\node_modules\helmet\index.cjs:537:6)
